Flow report for snake
Wed Dec 25 20:22:03 2024
Quartus II 64-Bit Version 13.1.0 Build 162 10/23/2013 SJ Full Version


---------------------
; Table of Contents ;
---------------------
  1. Legal Notice
  2. Flow Summary
  3. Flow Settings
  4. Flow Non-Default Global Settings
  5. Flow Elapsed Time
  6. Flow OS Summary
  7. Flow Log
  8. Flow Messages
  9. Flow Suppressed Messages



----------------
; Legal Notice ;
----------------
Copyright (C) 1991-2013 Altera Corporation
Your use of Altera Corporation's design tools, logic functions 
and other software and tools, and its AMPP partner logic 
functions, and any output files from any of the foregoing 
(including device programming or simulation files), and any 
associated documentation or information are expressly subject 
to the terms and conditions of the Altera Program License 
Subscription Agreement, Altera MegaCore Function License 
Agreement, or other applicable license agreement, including, 
without limitation, that your use is for the sole purpose of 
programming logic devices manufactured by Altera and sold by 
Altera or its authorized distributors.  Please refer to the 
applicable agreement for further details.



+----------------------------------------------------------------------------------+
; Flow Summary                                                                     ;
+------------------------------------+---------------------------------------------+
; Flow Status                        ; Successful - Wed Dec 25 20:22:03 2024       ;
; Quartus II 64-Bit Version          ; 13.1.0 Build 162 10/23/2013 SJ Full Version ;
; Revision Name                      ; snake                                       ;
; Top-level Entity Name              ; snake_game_top                              ;
; Family                             ; Cyclone IV E                                ;
; Device                             ; EP4CE115F29C7                               ;
; Timing Models                      ; Final                                       ;
; Total logic elements               ; 20,853 / 114,480 ( 18 % )                   ;
;     Total combinational functions  ; 20,835 / 114,480 ( 18 % )                   ;
;     Dedicated logic registers      ; 833 / 114,480 ( < 1 % )                     ;
; Total registers                    ; 833                                         ;
; Total pins                         ; 166 / 529 ( 31 % )                          ;
; Total virtual pins                 ; 0                                           ;
; Total memory bits                  ; 0 / 3,981,312 ( 0 % )                       ;
; Embedded Multiplier 9-bit elements ; 0 / 532 ( 0 % )                             ;
; Total PLLs                         ; 0 / 4 ( 0 % )                               ;
+------------------------------------+---------------------------------------------+


+-----------------------------------------+
; Flow Settings                           ;
+-------------------+---------------------+
; Option            ; Setting             ;
+-------------------+---------------------+
; Start date & time ; 12/25/2024 20:16:02 ;
; Main task         ; Compilation         ;
; Revision Name     ; snake               ;
+-------------------+---------------------+


+------------------------------------------------------------------------------------------------------------------------+
; Flow Non-Default Global Settings                                                                                       ;
+-------------------------------------+--------------------------------+---------------+----------------+----------------+
; Assignment Name                     ; Value                          ; Default Value ; Entity Name    ; Section Id     ;
+-------------------------------------+--------------------------------+---------------+----------------+----------------+
; COMPILER_SIGNATURE_ID               ; 96830616841810.173512896262996 ; --            ; --             ; --             ;
; EDA_OUTPUT_DATA_FORMAT              ; Vhdl                           ; --            ; --             ; eda_simulation ;
; EDA_SIMULATION_TOOL                 ; ModelSim-Altera (VHDL)         ; <None>        ; --             ; --             ;
; MAX_CORE_JUNCTION_TEMP              ; 85                             ; --            ; --             ; --             ;
; MIN_CORE_JUNCTION_TEMP              ; 0                              ; --            ; --             ; --             ;
; NOMINAL_CORE_SUPPLY_VOLTAGE         ; 1.2V                           ; --            ; --             ; --             ;
; NUM_PARALLEL_PROCESSORS             ; All                            ; --            ; --             ; --             ;
; PARTITION_COLOR                     ; 16764057                       ; --            ; snake_game_top ; Top            ;
; PARTITION_FITTER_PRESERVATION_LEVEL ; PLACEMENT_AND_ROUTING          ; --            ; snake_game_top ; Top            ;
; PARTITION_NETLIST_TYPE              ; SOURCE                         ; --            ; snake_game_top ; Top            ;
; PROJECT_OUTPUT_DIRECTORY            ; output_files                   ; --            ; --             ; --             ;
; SMART_RECOMPILE                     ; On                             ; Off           ; --             ; --             ;
; TOP_LEVEL_ENTITY                    ; snake_game_top                 ; snake         ; --             ; --             ;
+-------------------------------------+--------------------------------+---------------+----------------+----------------+


+-------------------------------------------------------------------------------------------------------------------------------+
; Flow Elapsed Time                                                                                                             ;
+---------------------------+--------------+-------------------------+---------------------+------------------------------------+
; Module Name               ; Elapsed Time ; Average Processors Used ; Peak Virtual Memory ; Total CPU Time (on all processors) ;
+---------------------------+--------------+-------------------------+---------------------+------------------------------------+
; Analysis & Synthesis      ; 00:03:22     ; 1.0                     ; 4828 MB             ; 00:00:42                           ;
; Fitter                    ; 00:01:59     ; 4.9                     ; 6362 MB             ; 00:00:57                           ;
; Assembler                 ; 00:00:04     ; 1.0                     ; 4659 MB             ; 00:00:01                           ;
; TimeQuest Timing Analyzer ; 00:00:07     ; 3.2                     ; 5026 MB             ; 00:00:01                           ;
; EDA Netlist Writer        ; 00:00:18     ; 1.0                     ; 4728 MB             ; 00:00:04                           ;
; Total                     ; 00:05:50     ; --                      ; --                  ; 00:01:45                           ;
+---------------------------+--------------+-------------------------+---------------------+------------------------------------+


+----------------------------------------------------------------------------------------+
; Flow OS Summary                                                                        ;
+---------------------------+------------------+-----------+------------+----------------+
; Module Name               ; Machine Hostname ; OS Name   ; OS Version ; Processor type ;
+---------------------------+------------------+-----------+------------+----------------+
; Analysis & Synthesis      ; LAPTOP-QDB2CN1C  ; Windows 7 ; 6.2        ; x86_64         ;
; Fitter                    ; LAPTOP-QDB2CN1C  ; Windows 7 ; 6.2        ; x86_64         ;
; Assembler                 ; LAPTOP-QDB2CN1C  ; Windows 7 ; 6.2        ; x86_64         ;
; TimeQuest Timing Analyzer ; LAPTOP-QDB2CN1C  ; Windows 7 ; 6.2        ; x86_64         ;
; EDA Netlist Writer        ; LAPTOP-QDB2CN1C  ; Windows 7 ; 6.2        ; x86_64         ;
+---------------------------+------------------+-----------+------------+----------------+


------------
; Flow Log ;
------------
quartus_map --read_settings_files=on --write_settings_files=off snake -c snake
quartus_fit --read_settings_files=off --write_settings_files=off snake -c snake
quartus_asm --read_settings_files=off --write_settings_files=off snake -c snake
quartus_sta snake -c snake
quartus_eda --read_settings_files=off --write_settings_files=off snake -c snake



